build/app/intermediates/manifest_merge_blame_file/release/manifest-merger-blame-release-report.txt
1<?xml version="1.0" encoding="utf-8"?>
2<manifest xmlns:android="http://schemas.android.com/apk/res/android"
3    package="com.example.cv_send"
4    android:versionCode="1"
5    android:versionName="1.0.0" >
6
7    <uses-sdk
8        android:minSdkVersion="19"
8-->src\main\AndroidManifest.xml
9        android:targetSdkVersion="33" />
9-->src\main\AndroidManifest.xml
10
11    <queries>
11-->src\main\AndroidManifest.xml:34:1-49:11
12
13        <!-- If your app checks for SMS support -->
14        <intent>
14-->src\main\AndroidManifest.xml:36:3-39:12
15            <action android:name="android.intent.action.VIEW" />
15-->src\main\AndroidManifest.xml:37:5-57
15-->src\main\AndroidManifest.xml:37:13-54
16
17            <data android:scheme="sms" />
17-->src\main\AndroidManifest.xml:38:5-34
17-->src\main\AndroidManifest.xml:38:11-31
18        </intent>
19        <!-- If your app checks for call support -->
20        <intent>
20-->src\main\AndroidManifest.xml:41:3-44:12
21            <action android:name="android.intent.action.VIEW" />
21-->src\main\AndroidManifest.xml:37:5-57
21-->src\main\AndroidManifest.xml:37:13-54
22
23            <data android:scheme="tel" />
23-->src\main\AndroidManifest.xml:38:5-34
23-->src\main\AndroidManifest.xml:38:11-31
24        </intent>
25        <!-- If your application checks for inAppBrowserView launch mode support -->
26        <intent>
26-->src\main\AndroidManifest.xml:46:3-48:12
27            <action android:name="android.support.customtabs.action.CustomTabsService" />
27-->src\main\AndroidManifest.xml:47:5-82
27-->src\main\AndroidManifest.xml:47:13-79
28        </intent>
29    </queries>
30
31    <permission
31-->[androidx.core:core:1.10.1] AndroidManifest.xml:22:5-24:47
32        android:name="com.example.cv_send.DYNAMIC_RECEIVER_NOT_EXPORTED_PERMISSION"
32-->[androidx.core:core:1.10.1] AndroidManifest.xml:23:9-81
33        android:protectionLevel="signature" />
33-->[androidx.core:core:1.10.1] AndroidManifest.xml:24:9-44
34
35    <uses-permission android:name="com.example.cv_send.DYNAMIC_RECEIVER_NOT_EXPORTED_PERMISSION" />
35-->[androidx.core:core:1.10.1] AndroidManifest.xml:26:5-97
35-->[androidx.core:core:1.10.1] AndroidManifest.xml:26:22-94
36
37    <application
38        android:name="android.app.Application"
38-->src\main\AndroidManifest.xml:4:9-42
39        android:appComponentFactory="androidx.core.app.CoreComponentFactory"
39-->[androidx.core:core:1.10.1] AndroidManifest.xml:28:18-86
40        android:enableOnBackInvokedCallback="true"
40-->src\main\AndroidManifest.xml:6:9-51
41        android:icon="@mipmap/ic_launcher"
41-->src\main\AndroidManifest.xml:5:9-43
42        android:label="cv_send" >
42-->src\main\AndroidManifest.xml:3:9-32
43        <activity
43-->src\main\AndroidManifest.xml:7:9-27:20
44            android:name="com.example.cv_send.MainActivity"
44-->src\main\AndroidManifest.xml:8:13-41
45            android:configChanges="orientation|keyboardHidden|keyboard|screenSize|smallestScreenSize|locale|layoutDirection|fontScale|screenLayout|density|uiMode"
45-->src\main\AndroidManifest.xml:12:13-163
46            android:exported="true"
46-->src\main\AndroidManifest.xml:9:13-36
47            android:hardwareAccelerated="true"
47-->src\main\AndroidManifest.xml:13:13-47
48            android:launchMode="singleTop"
48-->src\main\AndroidManifest.xml:10:13-43
49            android:theme="@style/LaunchTheme"
49-->src\main\AndroidManifest.xml:11:13-47
50            android:windowSoftInputMode="adjustResize" >
50-->src\main\AndroidManifest.xml:14:13-55
51
52            <!--
53                 Specifies an Android theme to apply to this Activity as soon as
54                 the Android process has started. This theme is visible to the user
55                 while the Flutter UI initializes. After that, this theme continues
56                 to determine the Window background behind the Flutter UI.
57            -->
58            <meta-data
58-->src\main\AndroidManifest.xml:19:13-22:17
59                android:name="io.flutter.embedding.android.NormalTheme"
59-->src\main\AndroidManifest.xml:20:15-70
60                android:resource="@style/NormalTheme" />
60-->src\main\AndroidManifest.xml:21:15-52
61
62            <intent-filter>
62-->src\main\AndroidManifest.xml:23:13-26:29
63                <action android:name="android.intent.action.MAIN" />
63-->src\main\AndroidManifest.xml:24:17-68
63-->src\main\AndroidManifest.xml:24:25-66
64
65                <category android:name="android.intent.category.LAUNCHER" />
65-->src\main\AndroidManifest.xml:25:17-76
65-->src\main\AndroidManifest.xml:25:27-74
66            </intent-filter>
67        </activity>
68        <!--
69             Don't delete the meta-data below.
70             This is used by the Flutter tool to generate GeneratedPluginRegistrant.java
71        -->
72        <meta-data
72-->src\main\AndroidManifest.xml:30:9-32:33
73            android:name="flutterEmbedding"
73-->src\main\AndroidManifest.xml:31:13-44
74            android:value="2" />
74-->src\main\AndroidManifest.xml:32:13-30
75
76        <activity
76-->[:url_launcher_android] AndroidManifest.xml:10:9-13:74
77            android:name="io.flutter.plugins.urllauncher.WebViewActivity"
77-->[:url_launcher_android] AndroidManifest.xml:11:13-74
78            android:exported="false"
78-->[:url_launcher_android] AndroidManifest.xml:12:13-37
79            android:theme="@android:style/Theme.NoTitleBar.Fullscreen" />
79-->[:url_launcher_android] AndroidManifest.xml:13:13-71
80
81        <uses-library
81-->[androidx.window:window:1.0.0-beta04] AndroidManifest.xml:25:9-27:40
82            android:name="androidx.window.extensions"
82-->[androidx.window:window:1.0.0-beta04] AndroidManifest.xml:26:13-54
83            android:required="false" />
83-->[androidx.window:window:1.0.0-beta04] AndroidManifest.xml:27:13-37
84        <uses-library
84-->[androidx.window:window:1.0.0-beta04] AndroidManifest.xml:28:9-30:40
85            android:name="androidx.window.sidecar"
85-->[androidx.window:window:1.0.0-beta04] AndroidManifest.xml:29:13-51
86            android:required="false" />
86-->[androidx.window:window:1.0.0-beta04] AndroidManifest.xml:30:13-37
87    </application>
88
89</manifest>